<?xml version='1.0' encoding='UTF-8'?>
<testsuite hostname="DESKTOP-5G4QAON" name="com.rockthejvm.SimpleTest" tests="1" errors="0" failures="0" skipped="0" time="0.021" timestamp="2024-04-20T10:52:01">
          <properties>
[...]
</properties>
          <testcase classname="com.rockthejvm.SimpleTest" name="simplest test possible" time="0.021">
                      
                    </testcase>
          <system-out><![CDATA[]]></system-out>
          <system-err><![CDATA[]]></system-err>
        </testsuite>